<?xml version="1.0" encoding="UTF-8"?>
<testsuite name="hello.itemservice.message.MessageSourceTests" tests="1" skipped="0" failures="0" errors="0" timestamp="2023-10-18T07:28:44" hostname="DESKTOP-TRS3FE7" time="0.448">
  <properties/>
  <testcase name="notFoundMessageCode()" classname="hello.itemservice.message.MessageSourceTests" time="0.448"/>
  <system-out><![CDATA[16:28:42.420 [Test worker] DEBUG org.springframework.test.context.BootstrapUtils - Instantiating CacheAwareContextLoaderDelegate from class [org.springframework.test.context.cache.DefaultCacheAwareContextLoaderDelegate]
16:28:42.445 [Test worker] DEBUG org.springframework.test.context.BootstrapUtils - Instantiating BootstrapContext using constructor [public org.springframework.test.context.support.DefaultBootstrapContext(java.lang.Class,org.springframework.test.context.CacheAwareContextLoaderDelegate)]
16:28:42.491 [Test worker] DEBUG org.springframework.test.context.BootstrapUtils - Instantiating TestContextBootstrapper for test class [hello.itemservice.message.MessageSourceTests] from class [org.springframework.boot.test.context.SpringBootTestContextBootstrapper]
16:28:42.504 [Test worker] INFO org.springframework.boot.test.context.SpringBootTestContextBootstrapper - Neither @ContextConfiguration nor @ContextHierarchy found for test class [hello.itemservice.message.MessageSourceTests], using SpringBootContextLoader
16:28:42.509 [Test worker] DEBUG org.springframework.test.context.support.AbstractContextLoader - Did not detect default resource location for test class [hello.itemservice.message.MessageSourceTests]: class path resource [hello/itemservice/message/MessageSourceTests-context.xml] does not exist
16:28:42.509 [Test worker] DEBUG org.springframework.test.context.support.AbstractContextLoader - Did not detect default resource location for test class [hello.itemservice.message.MessageSourceTests]: class path resource [hello/itemservice/message/MessageSourceTestsContext.groovy] does not exist
16:28:42.509 [Test worker] INFO org.springframework.test.context.support.AbstractContextLoader - Could not detect default resource locations for test class [hello.itemservice.message.MessageSourceTests]: no resource found for suffixes {-context.xml, Context.groovy}.
16:28:42.510 [Test worker] INFO org.springframework.test.context.support.AnnotationConfigContextLoaderUtils - Could not detect default configuration classes for test class [hello.itemservice.message.MessageSourceTests]: MessageSourceTests does not declare any static, non-private, non-final, nested classes annotated with @Configuration.
16:28:42.552 [Test worker] DEBUG org.springframework.test.context.support.ActiveProfilesUtils - Could not find an 'annotation declaring class' for annotation type [org.springframework.test.context.ActiveProfiles] and class [hello.itemservice.message.MessageSourceTests]
16:28:42.613 [Test worker] DEBUG org.springframework.context.annotation.ClassPathScanningCandidateComponentProvider - Identified candidate component class: file [C:\bootex\spring01\message\build\classes\java\main\hello\itemservice\ItemServiceApplication.class]
16:28:42.616 [Test worker] INFO org.springframework.boot.test.context.SpringBootTestContextBootstrapper - Found @SpringBootConfiguration hello.itemservice.ItemServiceApplication for test class hello.itemservice.message.MessageSourceTests
16:28:42.716 [Test worker] DEBUG org.springframework.boot.test.context.SpringBootTestContextBootstrapper - @TestExecutionListeners is not present for class [hello.itemservice.message.MessageSourceTests]: using defaults.
16:28:42.717 [Test worker] INFO org.springframework.boot.test.context.SpringBootTestContextBootstrapper - Loaded default TestExecutionListener class names from location [META-INF/spring.factories]: [org.springframework.boot.test.autoconfigure.restdocs.RestDocsTestExecutionListener, org.springframework.boot.test.autoconfigure.web.client.MockRestServiceServerResetTestExecutionListener, org.springframework.boot.test.autoconfigure.web.servlet.MockMvcPrintOnlyOnFailureTestExecutionListener, org.springframework.boot.test.autoconfigure.web.servlet.WebDriverTestExecutionListener, org.springframework.boot.test.autoconfigure.webservices.client.MockWebServiceServerTestExecutionListener, org.springframework.boot.test.mock.mockito.MockitoTestExecutionListener, org.springframework.boot.test.mock.mockito.ResetMocksTestExecutionListener, org.springframework.test.context.web.ServletTestExecutionListener, org.springframework.test.context.support.DirtiesContextBeforeModesTestExecutionListener, org.springframework.test.context.event.ApplicationEventsTestExecutionListener, org.springframework.test.context.support.DependencyInjectionTestExecutionListener, org.springframework.test.context.support.DirtiesContextTestExecutionListener, org.springframework.test.context.transaction.TransactionalTestExecutionListener, org.springframework.test.context.jdbc.SqlScriptsTestExecutionListener, org.springframework.test.context.event.EventPublishingTestExecutionListener]
16:28:42.729 [Test worker] DEBUG org.springframework.boot.test.context.SpringBootTestContextBootstrapper - Skipping candidate TestExecutionListener [org.springframework.test.context.transaction.TransactionalTestExecutionListener] due to a missing dependency. Specify custom listener classes or make the default listener classes and their required dependencies available. Offending class: [org/springframework/transaction/interceptor/TransactionAttributeSource]
16:28:42.730 [Test worker] DEBUG org.springframework.boot.test.context.SpringBootTestContextBootstrapper - Skipping candidate TestExecutionListener [org.springframework.test.context.jdbc.SqlScriptsTestExecutionListener] due to a missing dependency. Specify custom listener classes or make the default listener classes and their required dependencies available. Offending class: [org/springframework/transaction/interceptor/TransactionAttribute]
16:28:42.730 [Test worker] INFO org.springframework.boot.test.context.SpringBootTestContextBootstrapper - Using TestExecutionListeners: [org.springframework.test.context.web.ServletTestExecutionListener@1f0528c2, org.springframework.test.context.support.DirtiesContextBeforeModesTestExecutionListener@424b86b0, org.springframework.test.context.event.ApplicationEventsTestExecutionListener@6ff1045f, org.springframework.boot.test.mock.mockito.MockitoTestExecutionListener@268ca025, org.springframework.boot.test.autoconfigure.SpringBootDependencyInjectionTestExecutionListener@1079cf0e, org.springframework.test.context.support.DirtiesContextTestExecutionListener@e99b5b7, org.springframework.test.context.event.EventPublishingTestExecutionListener@69ad8bc7, org.springframework.boot.test.autoconfigure.restdocs.RestDocsTestExecutionListener@2ae3835f, org.springframework.boot.test.autoconfigure.web.client.MockRestServiceServerResetTestExecutionListener@743c28b2, org.springframework.boot.test.autoconfigure.web.servlet.MockMvcPrintOnlyOnFailureTestExecutionListener@374b1f8f, org.springframework.boot.test.autoconfigure.web.servlet.WebDriverTestExecutionListener@32bd5912, org.springframework.boot.test.autoconfigure.webservices.client.MockWebServiceServerTestExecutionListener@4f2dd61, org.springframework.boot.test.mock.mockito.ResetMocksTestExecutionListener@111e0cf5]
16:28:42.734 [Test worker] DEBUG org.springframework.test.context.support.AbstractDirtiesContextTestExecutionListener - Before test class: context [DefaultTestContext@d38ce7e testClass = MessageSourceTests, testInstance = [null], testMethod = [null], testException = [null], mergedContextConfiguration = [WebMergedContextConfiguration@5b70e5d0 testClass = MessageSourceTests, locations = '{}', classes = '{class hello.itemservice.ItemServiceApplication}', contextInitializerClasses = '[]', activeProfiles = '{}', propertySourceLocations = '{}', propertySourceProperties = '{org.springframework.boot.test.context.SpringBootTestContextBootstrapper=true}', contextCustomizers = set[org.springframework.boot.test.autoconfigure.actuate.metrics.MetricsExportContextCustomizerFactory$DisableMetricExportContextCustomizer@450476d4, org.springframework.boot.test.autoconfigure.properties.PropertyMappingContextCustomizer@0, org.springframework.boot.test.autoconfigure.web.servlet.WebDriverContextCustomizerFactory$Customizer@18d17b8, org.springframework.boot.test.context.filter.ExcludeFilterContextCustomizer@5320c126, org.springframework.boot.test.json.DuplicateJsonObjectContextCustomizerFactory$DuplicateJsonObjectContextCustomizer@6df6602e, org.springframework.boot.test.mock.mockito.MockitoContextCustomizer@0, org.springframework.boot.test.web.client.TestRestTemplateContextCustomizer@419deb15, org.springframework.boot.test.context.SpringBootTestArgs@1, org.springframework.boot.test.context.SpringBootTestWebEnvironment@268f1c42], resourceBasePath = 'src/main/webapp', contextLoader = 'org.springframework.boot.test.context.SpringBootContextLoader', parent = [null]], attributes = map['org.springframework.test.context.web.ServletTestExecutionListener.activateListener' -> true]], class annotated with @DirtiesContext [false] with mode [null].
16:28:42.767 [Test worker] DEBUG org.springframework.test.context.support.TestPropertySourceUtils - Adding inlined properties to environment: {spring.jmx.enabled=false, org.springframework.boot.test.context.SpringBootTestContextBootstrapper=true}

  .   ____          _            __ _ _
 /\\ / ___'_ __ _ _(_)_ __  __ _ \ \ \ \
( ( )\___ | '_ | '_| | '_ \/ _` | \ \ \ \
 \\/  ___)| |_)| | | | | || (_| |  ) ) ) )
  '  |____| .__|_| |_|_| |_\__, | / / / /
 =========|_|==============|___/=/_/_/_/
 :: Spring Boot ::                (v2.4.4)

2023-10-18 16:28:43.028  INFO 13476 --- [    Test worker] h.i.message.MessageSourceTests           : Starting MessageSourceTests using Java 15.0.10 on DESKTOP-TRS3FE7 with PID 13476 (started by User in C:\bootex\spring01\message)
2023-10-18 16:28:43.030  INFO 13476 --- [    Test worker] h.i.message.MessageSourceTests           : No active profile set, falling back to default profiles: default
2023-10-18 16:28:44.167  INFO 13476 --- [    Test worker] o.s.s.concurrent.ThreadPoolTaskExecutor  : Initializing ExecutorService 'applicationTaskExecutor'
2023-10-18 16:28:44.278  INFO 13476 --- [    Test worker] o.s.b.a.w.s.WelcomePageHandlerMapping    : Adding welcome page: class path resource [static/index.html]
2023-10-18 16:28:44.524  INFO 13476 --- [    Test worker] h.i.message.MessageSourceTests           : Started MessageSourceTests in 1.747 seconds (JVM running for 2.912)
]]></system-out>
  <system-err><![CDATA[]]></system-err>
</testsuite>
